<?xml version="1.0" encoding="UTF-8"?>
<testsuite xmlns:xsi="http://www.w3.org/2001/XMLSchema-instance" xsi:noNamespaceSchemaLocation="https://maven.apache.org/surefire/maven-surefire-plugin/xsd/surefire-test-report-3.0.xsd" version="3.0" name="com.nagarro.InsuranceCalculator.TestRunner" time="1.797" tests="2" errors="0" skipped="0" failures="0">
  <properties>
[...]
</properties>
  <testcase name="Calculate premium for car with Basic insurance" classname="Evaluate Car Insurance" time="0.237"/>
  <testcase name="Calculate premium for a car with Premium insurance" classname="Evaluate Car Insurance" time="0.0"/>
</testsuite>